<?xml version="1.0" encoding="UTF-8"?>
<!-- Generated by org.testng.reporters.JUnitXMLReporter -->
<testsuite hostname="DESKTOP-G36OFSP" failures="0" tests="5" name="Nopackage" time="44.777" errors="0" timestamp="30 Sep 2023 06:05:55 GMT">
  <testcase classname="hrmsjenkins.Addemployee" name="openapp" time="2.715"/>
  <testcase classname="hrmsjenkins.Addemployee" name="login" time="5.111"/>
  <testcase classname="hrmsjenkins.loginlogout" name="Tc001" time="38.944"/>
  <testcase classname="hrmsjenkins.Addemployee" name="addemployee" time="4.691"/>
  <testcase classname="hrmsjenkins.Addemployee" name="logout" time="0.277"/>
</testsuite> <!-- Nopackage -->
