<?xml version="1.0" encoding="UTF-8"?>
<testng-results total="1" passed="1" failed="0" skipped="0">
  <reporter-output>
  </reporter-output>
  <suite started-at="2023-03-27T11:49:19Z" name="Suite1" finished-at="2023-03-27T11:50:00Z" duration-ms="40949">
    <groups>
    </groups>
    <test started-at="2023-03-27T11:49:19Z" name="Regression1" finished-at="2023-03-27T11:50:00Z" duration-ms="40949">
      <class name="hrmsjenkins.loginlogout">
        <test-method signature="Tc001()[pri:0, instance:hrmsjenkins.loginlogout@4de4b452]" started-at="2023-03-27T17:19:19Z" name="Tc001" finished-at="2023-03-27T17:20:00Z" duration-ms="40929" status="PASS">
          <reporter-output>
          </reporter-output>
        </test-method> <!-- Tc001 -->
      </class> <!-- hrmsjenkins.loginlogout -->
    </test> <!-- Regression1 -->
  </suite> <!-- Suite1 -->
</testng-results>
